Hash: 0000000000000000000099c3db1d7fc3698adf2635aefc704922a3675af3e9ce
Height: 892184
Total: 405560618324
Time: 2025-04-13T07:12:47Z
Relayed By: 40.160.27.54:8333
Prev Block: 000000000000000000017644f80a7cd4ab37cd996735e365b27371f5c802769c
-----------------------
Hash: 000000000000000000017644f80a7cd4ab37cd996735e365b27371f5c802769c
Height: 892183
Total: 90390670742
Time: 2025-04-13T07:02:25Z
Relayed By: 54.83.175.153:8333
Prev Block: 0000000000000000000217159ab8e9b36434987db67bf6ceba51a622a559117c
-----------------------
Hash: 0000000000000000000217159ab8e9b36434987db67bf6ceba51a622a559117c
Height: 892182
Total: 71774175912
Time: 2025-04-13T06:56:50Z
Relayed By: 54.83.175.153:8333
Prev Block: 00000000000000000000ab9bd01c92b2973b83cc20f4fdfd8638977b88e3d0f4
-----------------------
Hash: 00000000000000000000ab9bd01c92b2973b83cc20f4fdfd8638977b88e3d0f4
Height: 892181
Total: 51832358283
Time: 2025-04-13T06:53:22Z
Relayed By: 54.83.175.153:8333
Prev Block: 0000000000000000000159c0ddf14000478adae16ca529e307bee4ccf73cfcec
-----------------------
Hash: 0000000000000000000159c0ddf14000478adae16ca529e307bee4ccf73cfcec
Height: 892180
Total: 211955883313
Time: 2025-04-13T06:50:50Z
Relayed By: 54.83.175.153:8333
Prev Block: 00000000000000000001d5c88cf7663db8cdbfd996115cc45bbe333a6d878b6e
-----------------------
Hash: 00000000000000000001d5c88cf7663db8cdbfd996115cc45bbe333a6d878b6e
Height: 892179
Total: 416370350065
Time: 2025-04-13T06:40:18Z
Relayed By: 40.160.27.54:8333
Prev Block: 00000000000000000001e781b7302ecbd0d13408a177a112765728dba9dd182e
-----------------------
Hash: 00000000000000000001e781b7302ecbd0d13408a177a112765728dba9dd182e
Height: 892178
Total: 28600665524
Time: 2025-04-13T06:24:53Z
Relayed By: 85.7.151.140:8333
Prev Block: 00000000000000000000c3570fa08641a4f5ae3bede1cab97d366e00527d827f
-----------------------
